C51 COMPILER V9.52.0.0   MAIN                                                              12/29/2016 11:36:06 PAGE 1   


C51 COMPILER V9.52.0.0, COMPILATION OF MODULE MAIN
OBJECT MODULE PLACED IN main.OBJ
COMPILER INVOKED BY: d:\Keil_C51\C51\BIN\C51.EXE main.c BROWSE DEBUG OBJECTEXTEND TABS(2)

line level    source

   1          
   2          /*------------------------------------------------------------------*/
   3          /* --- STC MCU International Limited -------------------------------*/
   4          /* --- STC 1T Series MCU RC Demo -----------------------------------*/
   5          /* --- Mobile: (86)13922805190 -------------------------------------*/
   6          /* --- Fax: 86-0513-55012956,55012947,55012969 ---------------------*/
   7          /* --- Tel: 86-0513-55012928,55012929,55012966 ---------------------*/
   8          /* --- Web: www.GXWMCU.com -----------------------------------------*/
   9          /* --- QQ:  800003751 ----------------------------------------------*/
  10          /* If you want to use the program or the program referenced in the  */
  11          /* article, please specify in which data and procedures from STC    */
  12          /*------------------------------------------------------------------*/
  13          
  14          
  15          #include  "delay.h"
  16          //#include "reg51.h"
  17          #include "intrins.h"
  18          /*************  功能说明  **************
  19          
  20          本程序演示跑马灯。
  21          程序使用P2口来演示，输出低驱动。用户可以修改为别的口。
  22          
  23          ******************************************/
  24          
  25          /*************  本地常量声明  **************/
  26          /*************  ??????????? **************/
  27          
  28          
  29          /******************************************/
  30          
  31          //sfr INT_CLKO = 0x8F;
  32          //sfr WKTCL = 0XAA;
  33          //sfr WKTCH = 0xab;
  34          sbit INT2 = P3^4; //Only for STC15F/L10xW
  35          //sbit INT2 = P3^6;
  36          sbit LED = P3^3;
  37          
  38          /*************  本地变量声明  **************/
  39          
  40          
  41          /*************  本地函数声明  **************/
  42          
  43          
  44          
  45          
  46          /*************  外部函数和变量声明 *****************/
  47          
  48          
  49          
  50          
  51          void SharkLed()
  52          {
  53   1      //  int i;
  54   1        LED = 1;
  55   1        delay_ms(50);
C51 COMPILER V9.52.0.0   MAIN                                                              12/29/2016 11:36:06 PAGE 2   

  56   1        LED = 0;
  57   1      
  58   1      }
  59          
  60          /******************** 主函数 **************************/
  61          void main(void)
  62          {
  63   1        u8  keeptime=100;
  64   1        WKTCL = 0XD0;
  65   1        WKTCH = 0X88;
  66   1        while(1)
  67   1        {
  68   2          _nop_();
  69   2          _nop_();
  70   2          _nop_();
  71   2          delay_ms(1);  //delay 1ms
  72   2        
  73   2          // 
  74   2          
  75   2          
  76   2            if(INT2)
  77   2            {
  78   3              SharkLed();
  79   3            }
  80   2            else
  81   2              LED = 0;
  82   2          
  83   2      #if 1
  84   2          PCON |= 0x02; //Sleep
  85   2          _nop_();
  86   2          _nop_();
  87   2          _nop_();
  88   2      #endif
  89   2          delay_ms(1);  //delay 1ms
  90   2        }
  91   1      }
  92          
  93          
  94          
  95          
  96          /********************* INT2中断函数 *********************
  97          void INT2_int (void) interrupt 10
  98          {
  99            INT_CLKO &= ~(1 << 4);  //INT2 Disable  
 100          }
 101          ****/
 102          


MODULE INFORMATION:   STATIC OVERLAYABLE
   CODE SIZE        =     50    ----
   CONSTANT SIZE    =   ----    ----
   XDATA SIZE       =   ----    ----
   PDATA SIZE       =   ----    ----
   DATA SIZE        =   ----       1
   IDATA SIZE       =   ----    ----
   BIT SIZE         =   ----    ----
END OF MODULE INFORMATION.


C51 COMPILATION COMPLETE.  0 WARNING(S),  0 ERROR(S)
